Info discoveryServer: ipAddrServer = 192.168.1.115
Info: Device ID negotion started
Info: MS_NOTIFY_ALIVE
Info: MS_NOTIFY_ALIVE
Info: MS_NOTIFY_ALIVE
Info: DEVICE ID
Info: Device ID negotiation done. Sleep and send NOTIFY later
Info: Discovery server started
Info: client 
Info: client 
Info: MS_NOTIFY_ALIVE
Info: MS_SEARCH
Info: MS_NOTIFY_ALIVE
Info: MS_NOTIFY_ALIVE
Info: Device ID negotiation done. Sleep and send NOTIFY later
Info: MS_SEARCH
Info: MS_SEARCH
Info: MS_NOTIFY_ALIVE
Info: MS_SEARCH
Info: MS_NOTIFY_ALIVE
Info: MS_NOTIFY_ALIVE
Info: Device ID negotiation done. Sleep and send NOTIFY later
Info: MS_SEARCH
Info: MS_SEARCH
Info: MS_NOTIFY_ALIVE
Info: MS_SEARCH
Info: MS_NOTIFY_ALIVE
Info: MS_SEARCH
Info: MS_SEARCH
Info: MS_NOTIFY_ALIVE
Info: Device ID negotiation done. Sleep and send NOTIFY later
Info: MS_NOTIFY_ALIVE
Info: MS_NOTIFY_ALIVE
Info: MS_NOTIFY_ALIVE
Info: Device ID negotiation done. Sleep and send NOTIFY later
Info: MS_SEARCH
Info: MS_SEARCH
Info: MS_SEARCH
Info: MS_NOTIFY_ALIVE
Info: MS_NOTIFY_ALIVE
Info: MS_NOTIFY_ALIVE
Info: Device ID negotiation done. Sleep and send NOTIFY later
Info: MS_SEARCH
Info: MS_SEARCH
Info: MS_SEARCH
Info: MS_NOTIFY_ALIVE
Info: MS_NOTIFY_ALIVE
Info: MS_NOTIFY_ALIVE
Info: Device ID negotiation done. Sleep and send NOTIFY later
Info: MS_SEARCH
Info: MS_SEARCH
Info: MS_SEARCH
Info: MS_NOTIFY_ALIVE
Info: MS_SEARCH
Info: MS_NOTIFY_ALIVE
Info: MS_SEARCH
Info: MS_NOTIFY_ALIVE
Info: Device ID negotiation done. Sleep and send NOTIFY later
Info: MS_SEARCH
