Info: Available channels obtained
Info: Scaning all available frequencies from your antenna
Info: Update rtspServer.config with new freq= 498000000 and pid= 1537 found
Info: Update rtspServer.config with new freq= 498000000 and pid= 1538 found
Info: Update rtspServer.config with new freq= 498000000 and pid= 1539 found
Info: Update rtspServer.config with new freq= 498000000 and pid= 1542 found
Info: Update rtspServer.config with new freq= 498000000 and pid= 1543 found
Info: Update rtspServer.config with new freq= 578000000 and pid= 1 found
Info: Update rtspServer.config with new freq= 578000000 and pid= 257 found
Info: Update rtspServer.config with new freq= 578000000 and pid= 258 found
Info: Update rtspServer.config with new freq= 578000000 and pid= 513 found
Info: Update rtspServer.config with new freq= 618000000 and pid= 2817 found
Info: Update rtspServer.config with new freq= 618000000 and pid= 2818 found
Info: Update rtspServer.config with new freq= 618000000 and pid= 2819 found
Info: Update rtspServer.config with new freq= 666000000 and pid= 257 found
Info: Update rtspServer.config with new freq= 666000000 and pid= 260 found
Info: Update rtspServer.config with new freq= 666000000 and pid= 261 found
Info: Update rtspServer.config with new freq= 666000000 and pid= 262 found
Info: Update rtspServer.config with new freq= 666000000 and pid= 282 found
Info: Update rtspServer.config with new freq= 666000000 and pid= 324 found
Info: Update rtspServer.config with new freq= 674000000 and pid= 2050 found
Info: Update rtspServer.config with new freq= 706000000 and pid= 257 found
Info: Update rtspServer.config with new freq= 730000000 and pid= 2561 found
Info: Update rtspServer.config with new freq= 730000000 and pid= 2562 found
Info: Update rtspServer.config with new freq= 730000000 and pid= 2563 found
Info: Update rtspServer.config with new freq= 746000000 and pid= 1025 found
Info: Update rtspServer.config with new freq= 746000000 and pid= 1026 found
Info: Update rtspServer.config with new freq= 746000000 and pid= 1027 found
Info: Update rtspServer.config with new freq= 746000000 and pid= 1028 found
Info: Update rtspServer.config with new freq= 746000000 and pid= 1031 found
Info: Update rtspServer.config with new freq= 770000000 and pid= 1281 found
Info: Update rtspServer.config with new freq= 770000000 and pid= 1282 found
Info: Update rtspServer.config with new freq= 770000000 and pid= 1283 found
Info: W_SCAN has finished. All configuration files have been update
Info: Available channels obtained
Info: W_SCAN is enteringn sleeping mode. Will wake up in 10 seconds
Info: Available channels obtained
Info: Available channels obtained
Info: Available channels obtained
Info: Available channels obtained
Info: Available channels obtained
Info: Available channels obtained
Info: Available channels obtained
Info: Available channels obtained
Info: Available channels obtained
Info: Available channels obtained
Info: Available channels obtained
Info: Available channels obtained
Info: Available channels obtained
Info: Available channels obtained
Info: Available channels obtained
Info: Available channels obtained
Info: Available channels obtained
Info: Available channels obtained
Info: Available channels obtained
Info: Available channels obtained
Info: Available channels obtained
Info: Available channels obtained
Info: Available channels obtained
Info: Available channels obtained
Info: Available channels obtained
Info: Available channels obtained
Info: Available channels obtained
Info: Available channels obtained
Info: Available channels obtained
Info: Available channels obtained
Info: Available channels obtained
Info: Available channels obtained
Info: Available channels obtained
Info: Available channels obtained
Info: Available channels obtained
Info: Available channels obtained
Info: Available channels obtained
Info: Available channels obtained
Info: Available channels obtained
Info: Available channels obtained
Info: Available channels obtained
Info: Available channels obtained
Info: Available channels obtained
Info: Available channels obtained
Info: Available channels obtained
Info: Available channels obtained
Info: Available channels obtained
Info: Available channels obtained
Info: Available channels obtained
Info: Available channels obtained
Info: Available channels obtained
Info: Available channels obtained
Info: Available channels obtained
Info: Available channels obtained
Info: Available channels obtained
Info: Available channels obtained
Info: Available channels obtained
Info: Available channels obtained
Info: Available channels obtained
Info: Available channels obtained
Info: Available channels obtained
Info: Available channels obtained
Info: Available channels obtained
Info: Available channels obtained
Info: Available channels obtained
Info: Available channels obtained
Info: Available channels obtained
Info: Available channels obtained
Info: Available channels obtained
Info: Available channels obtained
Info: Available channels obtained
Info: Available channels obtained
Info: Available channels obtained
Info: Available channels obtained
Info: Available channels obtained
Info: Available channels obtained
Info: Available channels obtained
Info: Available channels obtained
Info: Available channels obtained
Info: Available channels obtained
Info: Available channels obtained
Info: Available channels obtained
Info: Available channels obtained
Info: Available channels obtained
Info: Available channels obtained
Info: Available channels obtained
Info: Available channels obtained
Info: Available channels obtained
Info: Available channels obtained
Info: Available channels obtained
Info: Available channels obtained
Info: Available channels obtained
Info: Available channels obtained
Info: Available channels obtained
Info: Available channels obtained
Info: Available channels obtained
Info: Available channels obtained
Info: Available channels obtained
Info: Available channels obtained
Info: Available channels obtained
Info: Available channels obtained
Info: Available channels obtained
Info: Available channels obtained
Info: Available channels obtained
Info: Available channels obtained
Info: Available channels obtained
Info: Available channels obtained
Info: Available channels obtained
Info: Available channels obtained
Info: Available channels obtained
Info: Available channels obtained
Info: Available channels obtained
Info: Available channels obtained
Info: Available channels obtained
Info: Available channels obtained
Info: Available channels obtained
Info: Available channels obtained
Info: Available channels obtained
Info: Available channels obtained
Info: Available channels obtained
Info: Available channels obtained
Info: Available channels obtained
Info: Available channels obtained
Info: Available channels obtained
Info: Available channels obtained
Info: Available channels obtained
Info: Available channels obtained
Info: Available channels obtained
Info: Available channels obtained
Info: Available channels obtained
Info: Available channels obtained
Info: Available channels obtained
Info: Available channels obtained
Info: Available channels obtained
Info: Available channels obtained
Info: Available channels obtained
Info: Available channels obtained
Info: Available channels obtained
Info: Available channels obtained
Info: Available channels obtained
Info: Available channels obtained
Info: Available channels obtained
Info: Available channels obtained
Info: Available channels obtained
Info: Available channels obtained
Info: Available channels obtained
